# JRE version: OpenJDK Runtime Environment (17.0.7) (build 17.0.7+0-b2043.56-10550314)
# Java VM: OpenJDK 64-Bit Server VM (17.0.7+0-b2043.56-10550314, mixed mode, tiered, compressed oops, compressed class ptrs, g1 gc, windows-amd64)
GC Precious Log:
 CPUs: 8 total, 8 available
 Memory: 7617M
 Large Page Support: Disabled
 NUMA Support: Disabled
 Compressed Oops: Enabled (32-bit)
 Heap Region Size: 1M
 Heap Min Capacity: 8M
 Heap Initial Capacity: 120M
 Heap Max Capacity: 2G
 Pre-touch: Disabled
 Parallel Workers: 8
 Concurrent Workers: 2
 Concurrent Refinement Workers: 8
 Periodic GC: Disabled
Heap:
 garbage-first heap   total 386048K, used 198644K [0x0000000080000000, 0x0000000100000000)
  region size 1024K, 8 young (8192K), 8 survivors (8192K)
 Metaspace       used 159111K, committed 160064K, reserved 1245184K
  class space    used 21154K, committed 21632K, reserved 1048576K
GC Heap History (20 events):
Event: 837.218 GC heap after
{Heap after GC invocations=95 (full 0):
 garbage-first heap   total 386048K, used 184174K [0x0000000080000000, 0x0000000100000000)
  region size 1024K, 3 young (3072K), 3 survivors (3072K)
 Metaspace       used 155273K, committed 156224K, reserved 1245184K
  class space    used 20786K, committed 21248K, reserved 1048576K
}
Event: 837.567 GC heap before
{Heap before GC invocations=95 (full 0):
 garbage-first heap   total 386048K, used 201582K [0x0000000080000000, 0x0000000100000000)
  region size 1024K, 22 young (22528K), 3 survivors (3072K)
 Metaspace       used 155303K, committed 156224K, reserved 1245184K
  class space    used 20786K, committed 21248K, reserved 1048576K
}
Event: 837.579 GC heap after
{Heap after GC invocations=96 (full 0):
 garbage-first heap   total 386048K, used 191244K [0x0000000080000000, 0x0000000100000000)
  region size 1024K, 10 young (10240K), 10 survivors (10240K)
 Metaspace       used 155303K, committed 156224K, reserved 1245184K
  class space    used 20786K, committed 21248K, reserved 1048576K
}
Event: 839.274 GC heap before
{Heap before GC invocations=97 (full 0):
 garbage-first heap   total 386048K, used 287500K [0x0000000080000000, 0x0000000100000000)
  region size 1024K, 76 young (77824K), 10 survivors (10240K)
 Metaspace       used 156093K, committed 157056K, reserved 1245184K
  class space    used 20833K, committed 21312K, reserved 1048576K
}
Event: 839.303 GC heap after
{Heap after GC invocations=98 (full 0):
 garbage-first heap   total 386048K, used 195458K [0x0000000080000000, 0x0000000100000000)
  region size 1024K, 10 young (10240K), 10 survivors (10240K)
 Metaspace       used 156093K, committed 157056K, reserved 1245184K
  class space    used 20833K, committed 21312K, reserved 1048576K
}
Event: 839.357 GC heap before
{Heap before GC invocations=98 (full 0):
 garbage-first heap   total 386048K, used 203650K [0x0000000080000000, 0x0000000100000000)
  region size 1024K, 18 young (18432K), 10 survivors (10240K)
 Metaspace       used 156142K, committed 157120K, reserved 1245184K
  class space    used 20833K, committed 21312K, reserved 1048576K
}
Event: 839.374 GC heap after
{Heap after GC invocations=99 (full 0):
 garbage-first heap   total 386048K, used 191077K [0x0000000080000000, 0x0000000100000000)
  region size 1024K, 3 young (3072K), 3 survivors (3072K)
 Metaspace       used 156142K, committed 157120K, reserved 1245184K
  class space    used 20833K, committed 21312K, reserved 1048576K
}
Event: 840.850 GC heap before
{Heap before GC invocations=99 (full 0):
 garbage-first heap   total 386048K, used 290405K [0x0000000080000000, 0x0000000100000000)
  region size 1024K, 100 young (102400K), 3 survivors (3072K)
 Metaspace       used 157137K, committed 158144K, reserved 1245184K
  class space    used 20910K, committed 21376K, reserved 1048576K
}
Event: 840.871 GC heap after
{Heap after GC invocations=100 (full 0):
 garbage-first heap   total 386048K, used 196404K [0x0000000080000000, 0x0000000100000000)
  region size 1024K, 8 young (8192K), 8 survivors (8192K)
 Metaspace       used 157137K, committed 158144K, reserved 1245184K
  class space    used 20910K, committed 21376K, reserved 1048576K
}
Event: 850.057 GC heap before
{Heap before GC invocations=101 (full 0):
 garbage-first heap   total 386048K, used 274228K [0x0000000080000000, 0x0000000100000000)
  region size 1024K, 108 young (110592K), 8 survivors (8192K)
 Metaspace       used 157987K, committed 158976K, reserved 1245184K
  class space    used 20990K, committed 21504K, reserved 1048576K
}
Event: 850.087 GC heap after
{Heap after GC invocations=102 (full 0):
 garbage-first heap   total 386048K, used 174327K [0x0000000080000000, 0x0000000100000000)
  region size 1024K, 9 young (9216K), 9 survivors (9216K)
 Metaspace       used 157987K, committed 158976K, reserved 1245184K
  class space    used 20990K, committed 21504K, reserved 1048576K
}
Event: 850.845 GC heap before
{Heap before GC invocations=102 (full 0):
 garbage-first heap   total 386048K, used 182519K [0x0000000080000000, 0x0000000100000000)
  region size 1024K, 18 young (18432K), 9 survivors (9216K)
 Metaspace       used 158014K, committed 159040K, reserved 1245184K
  class space    used 20994K, committed 21504K, reserved 1048576K
}
Event: 850.900 GC heap after
{Heap after GC invocations=103 (full 0):
 garbage-first heap   total 386048K, used 143876K [0x0000000080000000, 0x0000000100000000)
  region size 1024K, 3 young (3072K), 3 survivors (3072K)
 Metaspace       used 158014K, committed 159040K, reserved 1245184K
  class space    used 20994K, committed 21504K, reserved 1048576K
}
Event: 853.846 GC heap before
{Heap before GC invocations=103 (full 0):
 garbage-first heap   total 386048K, used 294404K [0x0000000080000000, 0x0000000100000000)
  region size 1024K, 150 young (153600K), 3 survivors (3072K)
 Metaspace       used 158289K, committed 159296K, reserved 1245184K
  class space    used 21021K, committed 21504K, reserved 1048576K
}
Event: 854.024 GC heap after
{Heap after GC invocations=104 (full 0):
 garbage-first heap   total 386048K, used 174581K [0x0000000080000000, 0x0000000100000000)
  region size 1024K, 19 young (19456K), 19 survivors (19456K)
 Metaspace       used 158289K, committed 159296K, reserved 1245184K
  class space    used 21021K, committed 21504K, reserved 1048576K
}
Event: 855.356 GC heap before
{Heap before GC invocations=105 (full 0):
 garbage-first heap   total 386048K, used 294389K [0x0000000080000000, 0x0000000100000000)
  region size 1024K, 136 young (139264K), 19 survivors (19456K)
 Metaspace       used 158744K, committed 159680K, reserved 1245184K
  class space    used 21116K, committed 21568K, reserved 1048576K
}
Event: 855.442 GC heap after
{Heap after GC invocations=106 (full 0):
 garbage-first heap   total 386048K, used 194141K [0x0000000080000000, 0x0000000100000000)
  region size 1024K, 17 young (17408K), 17 survivors (17408K)
 Metaspace       used 158744K, committed 159680K, reserved 1245184K
  class space    used 21116K, committed 21568K, reserved 1048576K
}
Event: 855.481 GC heap before
{Heap before GC invocations=106 (full 0):
 garbage-first heap   total 386048K, used 195165K [0x0000000080000000, 0x0000000100000000)
  region size 1024K, 18 young (18432K), 17 survivors (17408K)
 Metaspace       used 158752K, committed 159680K, reserved 1245184K
  class space    used 21117K, committed 21568K, reserved 1048576K
}
Event: 855.540 GC heap after
{Heap after GC invocations=107 (full 0):
 garbage-first heap   total 386048K, used 194240K [0x0000000080000000, 0x0000000100000000)
  region size 1024K, 3 young (3072K), 3 survivors (3072K)
 Metaspace       used 158752K, committed 159680K, reserved 1245184K
  class space    used 21117K, committed 21568K, reserved 1048576K
}
Event: 856.088 GC heap before
{Heap before GC invocations=107 (full 0):
 garbage-first heap   total 386048K, used 300736K [0x0000000080000000, 0x0000000100000000)
  region size 1024K, 107 young (109568K), 3 survivors (3072K)
 Metaspace       used 159111K, committed 160064K, reserved 1245184K
  class space    used 21154K, committed 21632K, reserved 1048576K
}

